<?xml version="1.0" encoding="UTF-8"?>
<testng-results skipped="0" failed="0" total="5" passed="5">
  <reporter-output>
  </reporter-output>
  <suite name="Default suite" duration-ms="65" started-at="2024-05-13T10:03:51Z" finished-at="2024-05-13T10:03:51Z">
    <groups>
    </groups>
    <test name="Default test" duration-ms="65" started-at="2024-05-13T10:03:51Z" finished-at="2024-05-13T10:03:51Z">
      <class name="OrderOfExecution">
        <test-method status="PASS" signature="Method3()[pri:-10, instance:OrderOfExecution@3ab39c39]" name="Method3" duration-ms="19" started-at="2024-05-13T13:03:51Z" finished-at="2024-05-13T13:03:51Z">
          <reporter-output>
          </reporter-output>
        </test-method> <!-- Method3 -->
        <test-method status="PASS" signature="Method1()[pri:0, instance:OrderOfExecution@3ab39c39]" name="Method1" duration-ms="1" started-at="2024-05-13T13:03:51Z" finished-at="2024-05-13T13:03:51Z">
          <reporter-output>
          </reporter-output>
        </test-method> <!-- Method1 -->
        <test-method status="PASS" signature="Method1()[pri:0, instance:OrderOfExecution@3ab39c39]" name="Method1" duration-ms="1" started-at="2024-05-13T13:03:51Z" finished-at="2024-05-13T13:03:51Z">
          <reporter-output>
          </reporter-output>
        </test-method> <!-- Method1 -->
        <test-method status="PASS" signature="Method1()[pri:0, instance:OrderOfExecution@3ab39c39]" name="Method1" duration-ms="0" started-at="2024-05-13T13:03:51Z" finished-at="2024-05-13T13:03:51Z">
          <reporter-output>
          </reporter-output>
        </test-method> <!-- Method1 -->
        <test-method status="PASS" signature="Method2()[pri:1, instance:OrderOfExecution@3ab39c39]" name="Method2" duration-ms="1" started-at="2024-05-13T13:03:51Z" finished-at="2024-05-13T13:03:51Z">
          <reporter-output>
          </reporter-output>
        </test-method> <!-- Method2 -->
      </class> <!-- OrderOfExecution -->
    </test> <!-- Default test -->
  </suite> <!-- Default suite -->
</testng-results>
